Start testing: Apr 26 11:43 UTC
----------------------------------------------------------
1/4 Testing: ExamplePerceptionTestSuite.h-TestSuite
1/4 Test: ExamplePerceptionTestSuite.h-TestSuite
Command: "/opt/opendlv.scaledcars.build/build.system/perception/example/ExamplePerceptionTestSuite.h-TestSuite"
Directory: /opt/opendlv.scaledcars.build/build.system/perception/example
"ExamplePerceptionTestSuite.h-TestSuite" start time: Apr 26 11:43 UTC
Output:
----------------------------------------------------------
Running scaledcars-perception-example-ExamplePerceptionTestSuite.h tests (1 test).OK!
<end of output>
Test time =   0.00 sec
----------------------------------------------------------
Test Passed.
"ExamplePerceptionTestSuite.h-TestSuite" end time: Apr 26 11:43 UTC
"ExamplePerceptionTestSuite.h-TestSuite" time elapsed: 00:00:00
----------------------------------------------------------

2/4 Testing: ExampleControlTestSuite.h-TestSuite
2/4 Test: ExampleControlTestSuite.h-TestSuite
Command: "/opt/opendlv.scaledcars.build/build.system/control/example/ExampleControlTestSuite.h-TestSuite"
Directory: /opt/opendlv.scaledcars.build/build.system/control/example
"ExampleControlTestSuite.h-TestSuite" start time: Apr 26 11:43 UTC
Output:
----------------------------------------------------------
Running scaledcars-control-example-ExampleControlTestSuite.h tests (1 test).OK!
<end of output>
Test time =   0.00 sec
----------------------------------------------------------
Test Passed.
"ExampleControlTestSuite.h-TestSuite" end time: Apr 26 11:43 UTC
"ExampleControlTestSuite.h-TestSuite" time elapsed: 00:00:00
----------------------------------------------------------

3/4 Testing: LaneFollowerTestSuite.h-TestSuite
3/4 Test: LaneFollowerTestSuite.h-TestSuite
Command: "/opt/opendlv.scaledcars.build/build.system/control/lanefollower/LaneFollowerTestSuite.h-TestSuite"
Directory: /opt/opendlv.scaledcars.build/build.system/control/lanefollower
"LaneFollowerTestSuite.h-TestSuite" start time: Apr 26 11:43 UTC
Output:
----------------------------------------------------------
Running scaledcars-control-lanefollwer-LaneFollowerTestSuite.h tests (1 test).OK!
<end of output>
Test time =   0.03 sec
----------------------------------------------------------
Test Passed.
"LaneFollowerTestSuite.h-TestSuite" end time: Apr 26 11:43 UTC
"LaneFollowerTestSuite.h-TestSuite" time elapsed: 00:00:00
----------------------------------------------------------

4/4 Testing: ProxyTestSuite.h-TestSuite
4/4 Test: ProxyTestSuite.h-TestSuite
Command: "/opt/opendlv.scaledcars.build/build.system/control/proxy/ProxyTestSuite.h-TestSuite"
Directory: /opt/opendlv.scaledcars.build/build.system/control/proxy
"ProxyTestSuite.h-TestSuite" start time: Apr 26 11:43 UTC
Output:
----------------------------------------------------------
Running scaledcars-control-proxy-ProxyTestSuite.h tests (1 test).OK!
<end of output>
Test time =   0.00 sec
----------------------------------------------------------
Test Passed.
"ProxyTestSuite.h-TestSuite" end time: Apr 26 11:43 UTC
"ProxyTestSuite.h-TestSuite" time elapsed: 00:00:00
----------------------------------------------------------

End testing: Apr 26 11:43 UTC
